The system is: Windows - 10.0.17134 - AMD64
Compiling the C compiler identification source file "CMakeCCompilerId.c" succeeded.
Compiler: C:/Program Files (x86)/Microsoft Visual Studio/2017/Community/VC/Tools/MSVC/14.16.27023/bin/Hostx86/x86/cl.exe 
Build flags: 
Id flags:  

The output was:
0
x86용 Microsoft (R) C/C++ 최적화 컴파일러 버전 19.16.27026.1
Copyright (c) Microsoft Corporation. All rights reserved.

CMakeCCompilerId.c
Microsoft (R) Incremental Linker Version 14.16.27026.1
Copyright (C) Microsoft Corporation.  All rights reserved.

/out:CMakeCCompilerId.exe 
CMakeCCompilerId.obj 


Compilation of the C compiler identification source "CMakeCCompilerId.c" produced "CMakeCCompilerId.exe"

Compilation of the C compiler identification source "CMakeCCompilerId.c" produced "CMakeCCompilerId.obj"

The C compiler identification is MSVC, found in "C:/Users/h0033/Desktop/peoject/cmake-build-debug/CMakeFiles/3.13.2/CompilerIdC/CMakeCCompilerId.exe"

Determining if the C compiler works passed with the following output:
Change Dir: C:/Users/h0033/Desktop/peoject/cmake-build-debug/CMakeFiles/CMakeTmp

Run Build Command:"nmake" "/nologo" "cmTC_27b62\fast"
	"C:\Program Files (x86)\Microsoft Visual Studio\2017\Community\VC\Tools\MSVC\14.16.27023\bin\HostX86\x86\nmake.exe" -f CMakeFiles\cmTC_27b62.dir\build.make /nologo -L                  CMakeFiles\cmTC_27b62.dir\build
Building C object CMakeFiles/cmTC_27b62.dir/testCCompiler.c.obj
	C:\PROGRA~2\MICROS~2\2017\COMMUN~1\VC\Tools\MSVC\1416~1.270\bin\Hostx86\x86\cl.exe @C:\Users\h0033\AppData\Local\Temp\nm1F0E.tmp
testCCompiler.c
Linking C executable cmTC_27b62.exe
	C:\Users\h0033\AppData\Local\JetBrains\Toolbox\apps\CLion\ch-0\183.5429.37\bin\cmake\win\bin\cmake.exe -E vs_link_exe --intdir=CMakeFiles\cmTC_27b62.dir --manifests  -- C:\PROGRA~2\MICROS~2\2017\COMMUN~1\VC\Tools\MSVC\1416~1.270\bin\Hostx86\x86\link.exe /nologo @CMakeFiles\cmTC_27b62.dir\objects1.rsp @C:\Users\h0033\AppData\Local\Temp\nm1FDA.tmp


Detecting C compiler ABI info compiled with the following output:
Change Dir: C:/Users/h0033/Desktop/peoject/cmake-build-debug/CMakeFiles/CMakeTmp

Run Build Command:"nmake" "/nologo" "cmTC_f8e79\fast"
	"C:\Program Files (x86)\Microsoft Visual Studio\2017\Community\VC\Tools\MSVC\14.16.27023\bin\HostX86\x86\nmake.exe" -f CMakeFiles\cmTC_f8e79.dir\build.make /nologo -L                  CMakeFiles\cmTC_f8e79.dir\build
Building C object CMakeFiles/cmTC_f8e79.dir/CMakeCCompilerABI.c.obj
	C:\PROGRA~2\MICROS~2\2017\COMMUN~1\VC\Tools\MSVC\1416~1.270\bin\Hostx86\x86\cl.exe @C:\Users\h0033\AppData\Local\Temp\nm23B2.tmp
CMakeCCompilerABI.c
Linking C executable cmTC_f8e79.exe
	C:\Users\h0033\AppData\Local\JetBrains\Toolbox\apps\CLion\ch-0\183.5429.37\bin\cmake\win\bin\cmake.exe -E vs_link_exe --intdir=CMakeFiles\cmTC_f8e79.dir --manifests  -- C:\PROGRA~2\MICROS~2\2017\COMMUN~1\VC\Tools\MSVC\1416~1.270\bin\Hostx86\x86\link.exe /nologo @CMakeFiles\cmTC_f8e79.dir\objects1.rsp @C:\Users\h0033\AppData\Local\Temp\nm243F.tmp




Detecting C [] compiler features compiled with the following output:
Change Dir: C:/Users/h0033/Desktop/peoject/cmake-build-debug/CMakeFiles/CMakeTmp

Run Build Command:"nmake" "/nologo" "cmTC_50da0\fast"
	"C:\Program Files (x86)\Microsoft Visual Studio\2017\Community\VC\Tools\MSVC\14.16.27023\bin\HostX86\x86\nmake.exe" -f CMakeFiles\cmTC_50da0.dir\build.make /nologo -L                  CMakeFiles\cmTC_50da0.dir\build
Building C object CMakeFiles/cmTC_50da0.dir/feature_tests.c.obj
	C:\PROGRA~2\MICROS~2\2017\COMMUN~1\VC\Tools\MSVC\1416~1.270\bin\Hostx86\x86\cl.exe @C:\Users\h0033\AppData\Local\Temp\nm2826.tmp
feature_tests.c
Linking C executable cmTC_50da0.exe
	C:\Users\h0033\AppData\Local\JetBrains\Toolbox\apps\CLion\ch-0\183.5429.37\bin\cmake\win\bin\cmake.exe -E vs_link_exe --intdir=CMakeFiles\cmTC_50da0.dir --manifests  -- C:\PROGRA~2\MICROS~2\2017\COMMUN~1\VC\Tools\MSVC\1416~1.270\bin\Hostx86\x86\link.exe /nologo @CMakeFiles\cmTC_50da0.dir\objects1.rsp @C:\Users\h0033\AppData\Local\Temp\nm28C3.tmp


    Feature record: C_FEATURE:1c_function_prototypes
    Feature record: C_FEATURE:1c_variadic_macros
